Vivado Simulator v2022.2
Copyright 1986-1999, 2001-2022 Xilinx, Inc. All Rights Reserved.
Running: C:/Xilinx/Vivado/2022.2/bin/unwrapped/win64.o/xelab.exe --incr --debug typical --relax --mt 2 -L xil_defaultlib -L secureip --snapshot tb_chimere_in_behav xil_defaultlib.tb_chimere_in -log elaborate.log 
Using 2 slave threads.
Starting static elaboration
Completed static elaboration
Starting simulation data flow analysis
Completed simulation data flow analysis
Time Resolution for simulation is 1ps
Compiling package std.standard
Compiling package std.textio
Compiling package ieee.std_logic_1164
Compiling package ieee.numeric_std
Compiling package xil_defaultlib.rs_pkg
Compiling architecture behavioral of entity xil_defaultlib.control_sys [control_sys_default]
Compiling architecture behavioral of entity xil_defaultlib.FSM [fsm_default]
Compiling architecture behavioral of entity xil_defaultlib.cpt_decl [cpt_decl_default]
Compiling architecture behavioral of entity xil_defaultlib.Bascule [bascule_default]
Compiling architecture behavioral of entity xil_defaultlib.num_selec [num_selec_default]
Compiling architecture behavioral of entity xil_defaultlib.RAM_rot [ram_rot_default]
Compiling architecture behavioral of entity xil_defaultlib.ADD [add_default]
Compiling architecture behavioral of entity xil_defaultlib.SUB [sub_default]
Compiling architecture behavioral of entity xil_defaultlib.Cpt_rot [cpt_rot_default]
Compiling architecture behavioral of entity xil_defaultlib.Rotor [rotor_default]
Compiling architecture behavioral of entity xil_defaultlib.reflecteur [reflecteur_default]
Compiling architecture behavioral of entity xil_defaultlib.RAM_rot_inv [ram_rot_inv_default]
Compiling architecture behavioral of entity xil_defaultlib.Rotor_inv [rotor_inv_default]
Compiling architecture behavioral of entity xil_defaultlib.plugboard [plugboard_default]
Compiling architecture behavioral of entity xil_defaultlib.Traitement [traitement_default]
Compiling architecture behavioral of entity xil_defaultlib.transmitter [transmitter_default]
Compiling architecture behavioral of entity xil_defaultlib.pc_rs [pc_rs_default]
Compiling architecture behavioral of entity xil_defaultlib.rs_encoder [rs_encoder_default]
Compiling architecture behavioral of entity xil_defaultlib.CodeWord [codeword_default]
Compiling architecture behavioral of entity xil_defaultlib.rsenc_top_level [rsenc_top_level_default]
Compiling architecture behavioral of entity xil_defaultlib.TX_CHIMERE [tx_chimere_default]
Compiling architecture sim of entity xil_defaultlib.tb_chimere_in
Built simulation snapshot tb_chimere_in_behav
